{
  "RSpec": {
    "coverage": {
      "/Users/edward/Desktop/Software Engineering aspects/Rails_projects/recipe_app_api/recipe_app/spec/requests/recipe_spec.rb": [
        1,
        null,
        1,
        6,
        6,
        null,
        1,
        null,
        1,
        1,
        1,
        null,
        null,
        1,
        1,
        1,
        null,
        null,
        null,
        1,
        1,
        0,
        0,
        0,
        null,
        null,
        1,
        1,
        1,
        null,
        null,
        1,
        1,
        1,
        null,
        null,
        1,
        1,
        1,
        null,
        null,
        null,
        1,
        1,
        0,
        0,
        0,
        0,
        null,
        null,
        null
      ],
      "/Users/edward/Desktop/Software Engineering aspects/Rails_projects/recipe_app_api/recipe_app/spec/rails_helper.rb": [
        null,
        1,
        1,
        1,
        null,
        1,
        1,
        null,
        null,
        2,
        null,
        null,
        null,
        null,
        null,
        null,
        null,
        null,
        null,
        null,
        null,
        null,
        null,
        null,
        null,
        null,
        null,
        null,
        null,
        1,
        null,
        0,
        0,
        null,
        1,
        null,
        1,
        null,
        null,
        null,
        null,
        1,
        null,
        null,
        null,
        null,
        null,
        null,
        null,
        null,
        null,
        null,
        null,
        null,
        null,
        null,
        null,
        null,
        null,
        1,
        null,
        null,
        1,
        null,
        null,
        null,
        1,
        1,
        1,
        1,
        null,
        null,
        null,
        null
      ],
      "/Users/edward/Desktop/Software Engineering aspects/Rails_projects/recipe_app_api/recipe_app/config/environment.rb": [
        null,
        1,
        null,
        null,
        1
      ],
      "/Users/edward/Desktop/Software Engineering aspects/Rails_projects/recipe_app_api/recipe_app/config/application.rb": [
        1,
        null,
        1,
        null,
        1,
        1,
        1,
        1,
        1,
        1,
        1,
        1,
        1,
        1,
        null,
        null,
        null,
        null,
        null,
        1,
        null,
        1,
        1,
        null,
        1,
        null,
        null,
        null,
        null,
        null,
        null,
        null,
        null,
        null,
        null,
        null,
        null,
        1,
        null,
        null
      ],
      "/Users/edward/Desktop/Software Engineering aspects/Rails_projects/recipe_app_api/recipe_app/config/boot.rb": [
        1,
        null,
        1,
        1
      ],
      "/Users/edward/Desktop/Software Engineering aspects/Rails_projects/recipe_app_api/recipe_app/config/environments/test.rb": [
        1,
        null,
        null,
        null,
        null,
        null,
        null,
        1,
        null,
        null,
        1,
        1,
        null,
        null,
        null,
        null,
        1,
        null,
        null,
        1,
        1,
        null,
        null,
        null,
        null,
        1,
        1,
        1,
        null,
        null,
        1,
        null,
        null,
        1,
        null,
        null,
        1,
        null,
        1,
        null,
        null,
        null,
        null,
        1,
        null,
        null,
        1,
        null,
        null,
        1,
        null,
        null,
        1,
        null,
        null,
        null,
        null,
        null,
        null,
        null
      ],
      "/Users/edward/Desktop/Software Engineering aspects/Rails_projects/recipe_app_api/recipe_app/config/initializers/application_controller_renderer.rb": [
        null,
        null,
        null,
        null,
        null,
        null,
        null,
        null
      ],
      "/Users/edward/Desktop/Software Engineering aspects/Rails_projects/recipe_app_api/recipe_app/config/initializers/backtrace_silencers.rb": [
        null,
        null,
        null,
        null,
        null,
        null,
        null,
        1
      ],
      "/Users/edward/Desktop/Software Engineering aspects/Rails_projects/recipe_app_api/recipe_app/config/initializers/cors.rb": [
        null,
        null,
        null,
        null,
        null,
        null,
        null,
        null,
        null,
        null,
        null,
        null,
        null,
        null,
        null,
        null
      ],
      "/Users/edward/Desktop/Software Engineering aspects/Rails_projects/recipe_app_api/recipe_app/config/initializers/devise.rb": [
        null,
        null,
        null,
        null,
        null,
        null,
        null,
        null,
        null,
        null,
        1,
        null,
        null,
        null,
        null,
        null,
        null,
        null,
        null,
        null,
        null,
        null,
        null,
        null,
        null,
        null,
        1,
        null,
        null,
        null,
        null,
        null,
        null,
        null,
        null,
        null,
        null,
        null,
        1,
        null,
        null,
        null,
        null,
        null,
        null,
        null,
        null,
        null,
        null,
        null,
        null,
        null,
        null,
        null,
        null,
        null,
        null,
        null,
        null,
        null,
        1,
        null,
        null,
        null,
        null,
        1,
        null,
        null,
        null,
        null,
        null,
        null,
        null,
        null,
        null,
        null,
        null,
        null,
        null,
        null,
        null,
        null,
        null,
        null,
        null,
        null,
        null,
        null,
        null,
        null,
        null,
        null,
        null,
        null,
        null,
        null,
        null,
        null,
        null,
        1,
        null,
        null,
        null,
        null,
        null,
        null,
        null,
        null,
        null,
        null,
        null,
        null,
        null,
        null,
        null,
        null,
        null,
        null,
        null,
        null,
        null,
        null,
        null,
        null,
        null,
        1,
        null,
        null,
        null,
        null,
        null,
        null,
        null,
        null,
        null,
        null,
        null,
        null,
        null,
        null,
        null,
        null,
        null,
        null,
        null,
        null,
        null,
        null,
        null,
        null,
        null,
        null,
        null,
        null,
        null,
        null,
        null,
        null,
        null,
        1,
        null,
        null,
        null,
        null,
        null,
        null,
        null,
        null,
        null,
        1,
        null,
        null,
        null,
        null,
        null,
        null,
        null,
        null,
        null,
        null,
        1,
        null,
        null,
        null,
        null,
        1,
        null,
        null,
        null,
        null,
        null,
        null,
        null,
        null,
        null,
        null,
        null,
        null,
        null,
        null,
        null,
        null,
        null,
        null,
        null,
        null,
        null,
        null,
        null,
        null,
        null,
        null,
        null,
        null,
        null,
        null,
        null,
        null,
        null,
        null,
        null,
        null,
        null,
        null,
        null,
        null,
        1,
        null,
        null,
        null,
        null,
        null,
        null,
        null,
        null,
        null,
        null,
        null,
        null,
        null,
        null,
        null,
        null,
        null,
        null,
        null,
        null,
        null,
        null,
        null,
        null,
        null,
        null,
        null,
        null,
        null,
        null,
        null,
        null,
        null,
        null,
        null,
        null,
        null,
        null,
        null,
        null,
        null,
        1,
        null,
        null,
        null,
        null,
        null,
        null,
        null,
        null,
        null,
        null,
        null,
        null,
        null,
        null,
        null,
        null,
        null,
        null,
        null,
        null,
        null,
        null,
        null,
        null,
        null,
        null,
        null,
        null,
        null,
        null,
        null,
        null,
        null,
        null,
        null,
        null,
        null,
        null,
        null,
        null,
        null,
        null
      ],
      "/Users/edward/Desktop/Software Engineering aspects/Rails_projects/recipe_app_api/recipe_app/config/initializers/filter_parameter_logging.rb": [
        null,
        null,
        null,
        1,
        null,
        null
      ],
      "/Users/edward/Desktop/Software Engineering aspects/Rails_projects/recipe_app_api/recipe_app/config/initializers/inflections.rb": [
        null,
        null,
        null,
        null,
        null,
        null,
        null,
        null,
        null,
        null,
        null,
        null,
        null,
        null,
        null,
        null
      ],
      "/Users/edward/Desktop/Software Engineering aspects/Rails_projects/recipe_app_api/recipe_app/config/initializers/mime_types.rb": [
        null,
        null,
        null,
        null
      ],
      "/Users/edward/Desktop/Software Engineering aspects/Rails_projects/recipe_app_api/recipe_app/config/initializers/wrap_parameters.rb": [
        null,
        null,
        null,
        null,
        null,
        null,
        1,
        2,
        null,
        null,
        null,
        null,
        null,
        null
      ],
      "/Users/edward/Desktop/Software Engineering aspects/Rails_projects/recipe_app_api/recipe_app/spec/factories/recipes.rb": [
        1,
        1,
        6,
        null,
        6,
        null,
        null,
        6,
        6,
        1,
        null,
        null
      ],
      "/Users/edward/Desktop/Software Engineering aspects/Rails_projects/recipe_app_api/recipe_app/spec/factories/users.rb": [
        1,
        1,
        6,
        6,
        6,
        null,
        null
      ],
      "/Users/edward/Desktop/Software Engineering aspects/Rails_projects/recipe_app_api/recipe_app/config/routes.rb": [
        1,
        1,
        null,
        1,
        1,
        1,
        1,
        1,
        1,
        1,
        1,
        null,
        1,
        1,
        1,
        1,
        1,
        1,
        1,
        1,
        null
      ],
      "/Users/edward/Desktop/Software Engineering aspects/Rails_projects/recipe_app_api/recipe_app/app/models/user.rb": [
        1,
        null,
        null,
        null,
        null,
        null,
        1,
        1,
        null,
        1,
        1,
        1,
        null
      ],
      "/Users/edward/Desktop/Software Engineering aspects/Rails_projects/recipe_app_api/recipe_app/app/models/application_record.rb": [
        1,
        1,
        null
      ],
      "/Users/edward/Desktop/Software Engineering aspects/Rails_projects/recipe_app_api/recipe_app/spec/support/factoryy_bot.rb": [
        null,
        1,
        1,
        null
      ],
      "/Users/edward/Desktop/Software Engineering aspects/Rails_projects/recipe_app_api/recipe_app/app/models/recipe.rb": [
        1,
        1,
        1,
        1,
        null
      ],
      "/Users/edward/Desktop/Software Engineering aspects/Rails_projects/recipe_app_api/recipe_app/app/controllers/recipes_controller.rb": [
        1,
        null,
        null,
        1,
        null,
        null,
        null,
        1,
        1,
        null,
        null,
        1,
        0,
        0,
        0,
        null,
        null,
        null,
        1,
        2,
        1,
        1,
        2,
        1,
        null,
        null,
        null,
        null,
        null,
        1,
        1,
        1,
        null,
        null,
        1,
        0,
        0,
        0,
        0,
        null,
        null,
        null,
        null,
        1,
        4,
        null,
        null,
        null
      ],
      "/Users/edward/Desktop/Software Engineering aspects/Rails_projects/recipe_app_api/recipe_app/app/controllers/application_controller.rb": [
        1,
        null
      ]
    },
    "timestamp": 1629752988
  }
}
